<?xml version="1.0" encoding="UTF-8"?>
<!-- Generated by org.testng.reporters.JUnitXMLReporter -->
<testsuite ignored="0" hostname="DESKTOP-2F2EII0" failures="1" tests="2" name="positiveLogin" time="17.635" errors="0" timestamp="2022-05-21T16:42:08 EDT">
  <testcase classname="logIn.NegativeLogInTests" name="positiveLogInTests" time="6.68"/>
  <testcase classname="logIn.NegativeLogInTests" name="IncorrectUserNameLogIn" time="0.0">
    <failure type="org.testng.TestNGException" message="
Parameter &amp;apos;expectedErrorMessage&amp;apos; is required by @Test on method IncorrectUserNameLogIn but has not been marked @Optional or defined
in C:\Users\Kanlaya\eclipse-workspace\Kanlaya_TestCases\NegativeLogin.xml">
      <![CDATA[org.testng.TestNGException: 
Parameter 'expectedErrorMessage' is required by @Test on method IncorrectUserNameLogIn but has not been marked @Optional or defined
in C:\Users\Kanlaya\eclipse-workspace\Kanlaya_TestCases\NegativeLogin.xml
at java.base/java.util.ArrayList.forEach(ArrayList.java:1541)
... Removed 26 stack frames]]>
    </failure>
  </testcase> <!-- IncorrectUserNameLogIn -->
</testsuite> <!-- positiveLogin -->
